Using pre-set license
Built from '2021.3/staging' branch; Version is '2021.3.11f1 (0a5ca18544bf) revision 679073'; Using compiler version '192829333'; Build Type 'Release'
OS: 'Windows 10  (10.0.19045) 64bit Professional' Language: 'en' Physical Memory: 32712 MB
BatchMode: 1, IsHumanControllingUs: 0, StartBugReporterOnCrash: 0, Is64bit: 1, IsPro: 1

COMMAND LINE ARGUMENTS:
C:\Program Files\Unity\Hub\Editor\2021.3.11f1\Editor\Unity.exe
-adb2
-batchMode
-noUpm
-name
AssetImportWorker0
-projectPath
D:/Unity/Projects/Creative/safwat-repo-unity-essentials
-logFile
Logs/AssetImportWorker0.log
-srvPort
50974
Successfully changed project path to: D:/Unity/Projects/Creative/safwat-repo-unity-essentials
D:/Unity/Projects/Creative/safwat-repo-unity-essentials
[UnityMemory] Configuration Parameters - Can be set up in boot.config
    "memorysetup-bucket-allocator-granularity=16"
    "memorysetup-bucket-allocator-bucket-count=8"
    "memorysetup-bucket-allocator-block-size=33554432"
    "memorysetup-bucket-allocator-block-count=8"
    "memorysetup-main-allocator-block-size=16777216"
    "memorysetup-thread-allocator-block-size=16777216"
    "memorysetup-gfx-main-allocator-block-size=16777216"
    "memorysetup-gfx-thread-allocator-block-size=16777216"
    "memorysetup-cache-allocator-block-size=4194304"
    "memorysetup-typetree-allocator-block-size=2097152"
    "memorysetup-profiler-bucket-allocator-granularity=16"
    "memorysetup-profiler-bucket-allocator-bucket-count=8"
    "memorysetup-profiler-bucket-allocator-block-size=33554432"
    "memorysetup-profiler-bucket-allocator-block-count=8"
    "memorysetup-profiler-allocator-block-size=16777216"
    "memorysetup-profiler-editor-allocator-block-size=1048576"
    "memorysetup-temp-allocator-size-main=16777216"
    "memorysetup-job-temp-allocator-block-size=2097152"
    "memorysetup-job-temp-allocator-block-size-background=1048576"
    "memorysetup-job-temp-allocator-reduction-small-platforms=262144"
    "memorysetup-temp-allocator-size-background-worker=32768"
    "memorysetup-temp-allocator-size-job-worker=262144"
    "memorysetup-temp-allocator-size-preload-manager=33554432"
    "memorysetup-temp-allocator-size-nav-mesh-worker=65536"
    "memorysetup-temp-allocator-size-audio-worker=65536"
    "memorysetup-temp-allocator-size-cloud-worker=32768"
    "memorysetup-temp-allocator-size-gi-baking-worker=262144"
    "memorysetup-temp-allocator-size-gfx=262144"
Refreshing native plugins compatible for Editor in 19.79 ms, found 0 plugins.
Preloading 0 native plugins for Editor in 0.00 ms.
Initialize engine version: 2021.3.11f1 (0a5ca18544bf)
[Subsystems] Discovering subsystems at path C:/Program Files/Unity/Hub/Editor/2021.3.11f1/Editor/Data/Resources/UnitySubsystems
[Subsystems] Discovering subsystems at path D:/Unity/Projects/Creative/safwat-repo-unity-essentials/Assets
GfxDevice: creating device client; threaded=0; jobified=0
Direct3D:
    Version:  Direct3D 11.0 [level 11.1]
    Renderer: NVIDIA GeForce GTX 1050 Ti (ID=0x1c82)
    Vendor:   NVIDIA
    VRAM:     4018 MB
    Driver:   26.21.14.4259
Initialize mono
Mono path[0] = 'C:/Program Files/Unity/Hub/Editor/2021.3.11f1/Editor/Data/Managed'
Mono path[1] = 'C:/Program Files/Unity/Hub/Editor/2021.3.11f1/Editor/Data/MonoBleedingEdge/lib/mono/unityjit-win32'
Mono config path = 'C:/Program Files/Unity/Hub/Editor/2021.3.11f1/Editor/Data/MonoBleedingEdge/etc'
Using monoOptions --debugger-agent=transport=dt_socket,embedding=1,server=y,suspend=n,address=127.0.0.1:56676
Begin MonoManager ReloadAssembly
Registering precompiled unity dll's ...
Register platform support module: C:/Program Files/Unity/Hub/Editor/2021.3.11f1/Editor/Data/PlaybackEngines/AndroidPlayer/UnityEditor.Android.Extensions.dll
Register platform support module: C:/Program Files/Unity/Hub/Editor/2021.3.11f1/Editor/Data/PlaybackEngines/iOSSupport/UnityEditor.iOS.Extensions.dll
Register platform support module: C:/Program Files/Unity/Hub/Editor/2021.3.11f1/Editor/Data/PlaybackEngines/WindowsStandaloneSupport/UnityEditor.WindowsStandalone.Extensions.dll
Registered in 0.024585 seconds.
Native extension for WindowsStandalone target not found
[usbmuxd] Start listen thread
[usbmuxd] Listen thread started
Native extension for iOS target not found
Native extension for Android target not found
Refreshing native plugins compatible for Editor in 19.24 ms, found 0 plugins.
Preloading 0 native plugins for Editor in 0.00 ms.
Mono: successfully reloaded assembly
- Completed reload, in  1.234 seconds
Domain Reload Profiling:
	ReloadAssembly (1234ms)
		BeginReloadAssembly (165ms)
			ExecutionOrderSort (0ms)
			DisableScriptedObjects (0ms)
			BackupInstance (0ms)
			ReleaseScriptingObjects (0ms)
			CreateAndSetChildDomain (1ms)
		EndReloadAssembly (817ms)
			LoadAssemblies (161ms)
			RebuildTransferFunctionScriptingTraits (0ms)
			SetupTypeCache (209ms)
			ReleaseScriptCaches (0ms)
			RebuildScriptCaches (54ms)
			SetupLoadedEditorAssemblies (454ms)
				LogAssemblyErrors (0ms)
				InitializePlatformSupportModulesInManaged (140ms)
				SetLoadedEditorAssemblies (1ms)
				RefreshPlugins (19ms)
				BeforeProcessingInitializeOnLoad (2ms)
				ProcessInitializeOnLoadAttributes (193ms)
				ProcessInitializeOnLoadMethodAttributes (97ms)
				AfterProcessingInitializeOnLoad (0ms)
				EditorAssembliesLoaded (0ms)
			ExecutionOrderSort2 (0ms)
			AwakeInstancesAfterBackupRestoration (0ms)
Platform modules already initialized, skipping
Registering precompiled user dll's ...
Registered in 0.001117 seconds.
Begin MonoManager ReloadAssembly
Native extension for WindowsStandalone target not found
Native extension for iOS target not found
Native extension for Android target not found
Refreshing native plugins compatible for Editor in 0.16 ms, found 0 plugins.
Preloading 0 native plugins for Editor in 0.00 ms.
Mono: successfully reloaded assembly
- Completed reload, in  1.484 seconds
Domain Reload Profiling:
	ReloadAssembly (1485ms)
		BeginReloadAssembly (339ms)
			ExecutionOrderSort (0ms)
			DisableScriptedObjects (13ms)
			BackupInstance (0ms)
			ReleaseScriptingObjects (0ms)
			CreateAndSetChildDomain (138ms)
		EndReloadAssembly (878ms)
			LoadAssemblies (142ms)
			RebuildTransferFunctionScriptingTraits (0ms)
			SetupTypeCache (262ms)
			ReleaseScriptCaches (0ms)
			RebuildScriptCaches (65ms)
			SetupLoadedEditorAssemblies (357ms)
				LogAssemblyErrors (0ms)
				InitializePlatformSupportModulesInManaged (44ms)
				SetLoadedEditorAssemblies (1ms)
				RefreshPlugins (0ms)
				BeforeProcessingInitializeOnLoad (65ms)
				ProcessInitializeOnLoadAttributes (189ms)
				ProcessInitializeOnLoadMethodAttributes (39ms)
				AfterProcessingInitializeOnLoad (18ms)
				EditorAssembliesLoaded (0ms)
			ExecutionOrderSort2 (0ms)
			AwakeInstancesAfterBackupRestoration (16ms)
Platform modules already initialized, skipping
========================================================================
Worker process is ready to serve import requests
Launched and connected shader compiler UnityShaderCompiler.exe after 0.07 seconds
Refreshing native plugins compatible for Editor in 0.23 ms, found 0 plugins.
Preloading 0 native plugins for Editor in 0.00 ms.
Unloading 428 Unused Serialized files (Serialized files now loaded: 0)
Unloading 4 unused Assets / (6.8 MB). Loaded Objects now: 905.
Memory consumption went from 36.3 MB to 29.4 MB.
Total: 5.984000 ms (FindLiveObjects: 0.143300 ms CreateObjectMapping: 0.034800 ms MarkObjects: 5.525100 ms  DeleteObjects: 0.276600 ms)

AssetImportParameters requested are different than current active one (requested -> active):
  custom:video-decoder-ogg-theora: a1e56fd34408186e4bbccfd4996cb3dc -> 
  custom:container-muxer-webm: aa71ff27fc2769a1b78a27578f13a17b -> 
  custom:container-demuxer-webm: 4f35f7cbe854078d1ac9338744f61a02 -> 
  custom:video-encoder-webm-vp8: eb34c28f22e8b96e1ab97ce403110664 -> 
  custom:audio-encoder-webm-vorbis: bf7c407c2cedff20999df2af8eb42d56 -> 
  custom:framework-win-MediaFoundation: 216162199b28c13a410421893ffa2e32 -> 
  custom:container-demuxer-ogg: 62fdf1f143b41e24485cea50d1cbac27 -> 
  custom:video-decoder-webm-vp8: 9c59270c3fd7afecdb556c50c9e8de78 -> 
  custom:audio-decoder-ogg-vorbis: bf7c407c2cedff20999df2af8eb42d56 -> 
========================================================================
Received Import Request.
  Time since last request: 1450.297325 seconds.
  path: Assets/Scripts/Essentials/GeneralUtilities.cs
  artifactKey: Guid(27c76a1d4171fd84f8f973db19fd3c69) Importer(815301076,1909f56bfc062723c751e8b465ee728b)
Start importing Assets/Scripts/Essentials/GeneralUtilities.cs using Guid(27c76a1d4171fd84f8f973db19fd3c69) Importer(815301076,1909f56bfc062723c751e8b465ee728b)  -> (artifact id: '600a82e441d2b5a620ab7f19182655ff') in 0.047232 seconds 
========================================================================
Received Prepare
Registering precompiled user dll's ...
Registered in 0.001106 seconds.
Begin MonoManager ReloadAssembly
Native extension for WindowsStandalone target not found
Native extension for iOS target not found
Native extension for Android target not found
Refreshing native plugins compatible for Editor in 0.13 ms, found 0 plugins.
Preloading 0 native plugins for Editor in 0.00 ms.
Mono: successfully reloaded assembly
- Completed reload, in  1.269 seconds
Domain Reload Profiling:
	ReloadAssembly (1270ms)
		BeginReloadAssembly (218ms)
			ExecutionOrderSort (0ms)
			DisableScriptedObjects (12ms)
			BackupInstance (0ms)
			ReleaseScriptingObjects (0ms)
			CreateAndSetChildDomain (35ms)
		EndReloadAssembly (845ms)
			LoadAssemblies (138ms)
			RebuildTransferFunctionScriptingTraits (0ms)
			SetupTypeCache (253ms)
			ReleaseScriptCaches (0ms)
			RebuildScriptCaches (57ms)
			SetupLoadedEditorAssemblies (352ms)
				LogAssemblyErrors (0ms)
				InitializePlatformSupportModulesInManaged (57ms)
				SetLoadedEditorAssemblies (1ms)
				RefreshPlugins (0ms)
				BeforeProcessingInitializeOnLoad (67ms)
				ProcessInitializeOnLoadAttributes (177ms)
				ProcessInitializeOnLoadMethodAttributes (32ms)
				AfterProcessingInitializeOnLoad (18ms)
				EditorAssembliesLoaded (0ms)
			ExecutionOrderSort2 (0ms)
			AwakeInstancesAfterBackupRestoration (17ms)
Platform modules already initialized, skipping
Refreshing native plugins compatible for Editor in 0.59 ms, found 0 plugins.
Preloading 0 native plugins for Editor in 0.00 ms.
Unloading 420 Unused Serialized files (Serialized files now loaded: 0)
Unloading 2 unused Assets / (24.8 KB). Loaded Objects now: 905.
Memory consumption went from 35.7 MB to 35.7 MB.
Total: 7.654200 ms (FindLiveObjects: 0.186800 ms CreateObjectMapping: 0.043200 ms MarkObjects: 7.399200 ms  DeleteObjects: 0.022800 ms)

AssetImportParameters requested are different than current active one (requested -> active):
  custom:video-decoder-ogg-theora: a1e56fd34408186e4bbccfd4996cb3dc -> 
  custom:container-muxer-webm: aa71ff27fc2769a1b78a27578f13a17b -> 
  custom:container-demuxer-webm: 4f35f7cbe854078d1ac9338744f61a02 -> 
  custom:video-encoder-webm-vp8: eb34c28f22e8b96e1ab97ce403110664 -> 
  custom:audio-encoder-webm-vorbis: bf7c407c2cedff20999df2af8eb42d56 -> 
  custom:framework-win-MediaFoundation: 216162199b28c13a410421893ffa2e32 -> 
  custom:container-demuxer-ogg: 62fdf1f143b41e24485cea50d1cbac27 -> 
  custom:video-decoder-webm-vp8: 9c59270c3fd7afecdb556c50c9e8de78 -> 
  custom:audio-decoder-ogg-vorbis: bf7c407c2cedff20999df2af8eb42d56 -> 
========================================================================
Received Import Request.
  Time since last request: 1192.764514 seconds.
  path: Assets/Scripts/Essentials/ApplicationSettings.cs
  artifactKey: Guid(138092d647b0c994abaad98786b2be77) Importer(815301076,1909f56bfc062723c751e8b465ee728b)
Start importing Assets/Scripts/Essentials/ApplicationSettings.cs using Guid(138092d647b0c994abaad98786b2be77) Importer(815301076,1909f56bfc062723c751e8b465ee728b)  -> (artifact id: '2b5249226678a55123c5ca2cc32fe802') in 0.010513 seconds 
========================================================================
Received Import Request.
  Time since last request: 2.518484 seconds.
  path: Assets/Scripts/Essentials/InputManager.cs
  artifactKey: Guid(6b05f52813294ae418cbbf36001f367e) Importer(815301076,1909f56bfc062723c751e8b465ee728b)
Start importing Assets/Scripts/Essentials/InputManager.cs using Guid(6b05f52813294ae418cbbf36001f367e) Importer(815301076,1909f56bfc062723c751e8b465ee728b)  -> (artifact id: '849f8eb1c78f843c11ca43f404881e3d') in 0.009851 seconds 
========================================================================
Received Import Request.
  Time since last request: 0.555796 seconds.
  path: Assets/Scripts/Essentials/RotationHandler.cs
  artifactKey: Guid(ec4191334fde2d7459b801a94ee57625) Importer(815301076,1909f56bfc062723c751e8b465ee728b)
Start importing Assets/Scripts/Essentials/RotationHandler.cs using Guid(ec4191334fde2d7459b801a94ee57625) Importer(815301076,1909f56bfc062723c751e8b465ee728b)  -> (artifact id: '3eae7b35d9ad296789936dda05cd2c0a') in 0.009691 seconds 
========================================================================
Received Import Request.
  Time since last request: 0.453442 seconds.
  path: Assets/Scripts/Essentials/SpinAround.cs
  artifactKey: Guid(6f06b78525e0b1940a6b73805070ca02) Importer(815301076,1909f56bfc062723c751e8b465ee728b)
Start importing Assets/Scripts/Essentials/SpinAround.cs using Guid(6f06b78525e0b1940a6b73805070ca02) Importer(815301076,1909f56bfc062723c751e8b465ee728b)  -> (artifact id: '0aa052b39ffb3275f71cba5e51ce9b9d') in 0.009574 seconds 
========================================================================
Received Import Request.
  Time since last request: 2.325484 seconds.
  path: Assets/Scripts/Essentials/CinematicFocusOnTarget.cs
  artifactKey: Guid(dd28fb0327ba2524f82c0709e10d6cb9) Importer(815301076,1909f56bfc062723c751e8b465ee728b)
Start importing Assets/Scripts/Essentials/CinematicFocusOnTarget.cs using Guid(dd28fb0327ba2524f82c0709e10d6cb9) Importer(815301076,1909f56bfc062723c751e8b465ee728b)  -> (artifact id: '34bffd1570b08d1ddee22e1309df95ab') in 0.010478 seconds 
========================================================================
Received Import Request.
  Time since last request: 6.676239 seconds.
  path: Assets/Scripts/Figure Next/HelicopterMovement.cs
  artifactKey: Guid(17389146e03da6d41b88bf5578d0223a) Importer(815301076,1909f56bfc062723c751e8b465ee728b)
Start importing Assets/Scripts/Figure Next/HelicopterMovement.cs using Guid(17389146e03da6d41b88bf5578d0223a) Importer(815301076,1909f56bfc062723c751e8b465ee728b)  -> (artifact id: '1db6209ca53f657983c97610bab73ee8') in 0.019961 seconds 
========================================================================
Received Import Request.
  Time since last request: 0.473995 seconds.
  path: Assets/Scripts/Figure Next/PathFollowAnimator.cs
  artifactKey: Guid(fbedb5006e736f9409cad224d5620022) Importer(815301076,1909f56bfc062723c751e8b465ee728b)
Start importing Assets/Scripts/Figure Next/PathFollowAnimator.cs using Guid(fbedb5006e736f9409cad224d5620022) Importer(815301076,1909f56bfc062723c751e8b465ee728b)  -> (artifact id: 'f790eb8af16ab435b7ed7900942d8a25') in 0.009771 seconds 
========================================================================
Received Import Request.
  Time since last request: 0.333375 seconds.
  path: Assets/Scripts/Figure Next/Player.cs
  artifactKey: Guid(440064549a4e77c408ffd1348a6c4938) Importer(815301076,1909f56bfc062723c751e8b465ee728b)
Start importing Assets/Scripts/Figure Next/Player.cs using Guid(440064549a4e77c408ffd1348a6c4938) Importer(815301076,1909f56bfc062723c751e8b465ee728b)  -> (artifact id: 'd5a4f6f9e9612a265ef515bc2c49453d') in 0.010123 seconds 
========================================================================
Received Import Request.
  Time since last request: 0.379885 seconds.
  path: Assets/Scripts/Figure Next/RewardBurstAnimation.cs
  artifactKey: Guid(4670f3be4f3ba6a4595536dc4105c39b) Importer(815301076,1909f56bfc062723c751e8b465ee728b)
Start importing Assets/Scripts/Figure Next/RewardBurstAnimation.cs using Guid(4670f3be4f3ba6a4595536dc4105c39b) Importer(815301076,1909f56bfc062723c751e8b465ee728b)  -> (artifact id: '66eceaef7485b47bb4713481d25aa8cd') in 0.009819 seconds 
========================================================================
Received Import Request.
  Time since last request: 0.354933 seconds.
  path: Assets/Scripts/PickOrDump
  artifactKey: Guid(738d5a8404ca1114a819c78fc046b2f8) Importer(815301076,1909f56bfc062723c751e8b465ee728b)
Start importing Assets/Scripts/PickOrDump using Guid(738d5a8404ca1114a819c78fc046b2f8) Importer(815301076,1909f56bfc062723c751e8b465ee728b)  -> (artifact id: '6587b5013f15eb10a44c7b9b99bc3831') in 0.009853 seconds 
========================================================================
Received Import Request.
  Time since last request: 0.526978 seconds.
  path: Assets/Scripts/Figure Next/TouchFX.cs
  artifactKey: Guid(a4f6487250e9b554487e1997da794c8b) Importer(815301076,1909f56bfc062723c751e8b465ee728b)
Start importing Assets/Scripts/Figure Next/TouchFX.cs using Guid(a4f6487250e9b554487e1997da794c8b) Importer(815301076,1909f56bfc062723c751e8b465ee728b)  -> (artifact id: 'e94b507275e3537d8768705a0bc82117') in 0.009446 seconds 
========================================================================
Received Import Request.
  Time since last request: 6.965284 seconds.
  path: Assets/Scripts/PickOrDump/Weapon System/Projectiles/InteractionInterfaces.cs
  artifactKey: Guid(52e2dbc161b8a19479d87de5e13858a3) Importer(815301076,1909f56bfc062723c751e8b465ee728b)
Start importing Assets/Scripts/PickOrDump/Weapon System/Projectiles/InteractionInterfaces.cs using Guid(52e2dbc161b8a19479d87de5e13858a3) Importer(815301076,1909f56bfc062723c751e8b465ee728b)  -> (artifact id: 'f01372867b8299d686eff7baa53d71b0') in 0.009889 seconds 
========================================================================
Received Import Request.
  Time since last request: 9.682552 seconds.
  path: Assets/Scripts/Figure Next
  artifactKey: Guid(0a428c676c379bc4ebd3f0359ad9606a) Importer(815301076,1909f56bfc062723c751e8b465ee728b)
Start importing Assets/Scripts/Figure Next using Guid(0a428c676c379bc4ebd3f0359ad9606a) Importer(815301076,1909f56bfc062723c751e8b465ee728b)  -> (artifact id: '21d072cacf21313b8cd405421cc95402') in 0.009857 seconds 
========================================================================
Received Prepare
Registering precompiled user dll's ...
Registered in 0.001186 seconds.
Begin MonoManager ReloadAssembly
Native extension for WindowsStandalone target not found
Native extension for iOS target not found
Native extension for Android target not found
Refreshing native plugins compatible for Editor in 0.17 ms, found 0 plugins.
Preloading 0 native plugins for Editor in 0.00 ms.
Mono: successfully reloaded assembly
- Completed reload, in  1.253 seconds
Domain Reload Profiling:
	ReloadAssembly (1254ms)
		BeginReloadAssembly (211ms)
			ExecutionOrderSort (0ms)
			DisableScriptedObjects (12ms)
			BackupInstance (0ms)
			ReleaseScriptingObjects (0ms)
			CreateAndSetChildDomain (32ms)
		EndReloadAssembly (837ms)
			LoadAssemblies (133ms)
			RebuildTransferFunctionScriptingTraits (0ms)
			SetupTypeCache (238ms)
			ReleaseScriptCaches (0ms)
			RebuildScriptCaches (49ms)
			SetupLoadedEditorAssemblies (358ms)
				LogAssemblyErrors (0ms)
				InitializePlatformSupportModulesInManaged (57ms)
				SetLoadedEditorAssemblies (1ms)
				RefreshPlugins (0ms)
				BeforeProcessingInitializeOnLoad (64ms)
				ProcessInitializeOnLoadAttributes (182ms)
				ProcessInitializeOnLoadMethodAttributes (35ms)
				AfterProcessingInitializeOnLoad (20ms)
				EditorAssembliesLoaded (0ms)
			ExecutionOrderSort2 (0ms)
			AwakeInstancesAfterBackupRestoration (23ms)
Platform modules already initialized, skipping
Refreshing native plugins compatible for Editor in 0.40 ms, found 0 plugins.
Preloading 0 native plugins for Editor in 0.00 ms.
Unloading 420 Unused Serialized files (Serialized files now loaded: 0)
Unloading 2 unused Assets / (24.8 KB). Loaded Objects now: 905.
Memory consumption went from 35.8 MB to 35.7 MB.
Total: 4.811100 ms (FindLiveObjects: 0.145200 ms CreateObjectMapping: 0.037400 ms MarkObjects: 4.608500 ms  DeleteObjects: 0.018500 ms)

AssetImportParameters requested are different than current active one (requested -> active):
  custom:video-decoder-ogg-theora: a1e56fd34408186e4bbccfd4996cb3dc -> 
  custom:container-muxer-webm: aa71ff27fc2769a1b78a27578f13a17b -> 
  custom:container-demuxer-webm: 4f35f7cbe854078d1ac9338744f61a02 -> 
  custom:video-encoder-webm-vp8: eb34c28f22e8b96e1ab97ce403110664 -> 
  custom:audio-encoder-webm-vorbis: bf7c407c2cedff20999df2af8eb42d56 -> 
  custom:framework-win-MediaFoundation: 216162199b28c13a410421893ffa2e32 -> 
  custom:container-demuxer-ogg: 62fdf1f143b41e24485cea50d1cbac27 -> 
  custom:video-decoder-webm-vp8: 9c59270c3fd7afecdb556c50c9e8de78 -> 
  custom:audio-decoder-ogg-vorbis: bf7c407c2cedff20999df2af8eb42d56 -> 
